2018-11-16 13:52:18,100 INFO org.springframework.boot.StartupInfoLogger [restartedMain] Starting Application on borysenko-pc with PID 8584 (C:\Users\borysenko\Documents\GitHub\JavaPro\JavaPro\OnlineBookstore6\target\classes started by borysenko in C:\Users\borysenko\Documents\GitHub\JavaPro\JavaPro\OnlineBookstore6)
2018-11-16 13:52:18,101 INFO org.springframework.boot.SpringApplication [restartedMain] No active profile set, falling back to default profiles: default
2018-11-16 13:52:18,139 INFO org.springframework.context.support.AbstractApplicationContext [restartedMain] Refreshing org.springframework.boot.web.servlet.context.AnnotationConfigServletWebServerApplicationContext@2e909600: startup date [Fri Nov 16 13:52:18 EET 2018]; root of context hierarchy
2018-11-16 13:52:19,060 INFO org.springframework.context.support.PostProcessorRegistrationDelegate$BeanPostProcessorChecker [restartedMain] Bean 'org.springframework.transaction.annotation.ProxyTransactionManagementConfiguration' of type [org.springframework.transaction.annotation.ProxyTransactionManagementConfiguration$$EnhancerBySpringCGLIB$$1d45f149] is not eligible for getting processed by all BeanPostProcessors (for example: not eligible for auto-proxying)
2018-11-16 13:52:19,358 INFO org.springframework.boot.web.embedded.tomcat.TomcatWebServer [restartedMain] Tomcat initialized with port(s): 8080 (http)
2018-11-16 13:52:19,366 INFO org.apache.juli.logging.DirectJDKLog [restartedMain] Initializing ProtocolHandler ["http-nio-8080"]
2018-11-16 13:52:19,372 INFO org.apache.juli.logging.DirectJDKLog [restartedMain] Starting service [Tomcat]
2018-11-16 13:52:19,373 INFO org.apache.juli.logging.DirectJDKLog [restartedMain] Starting Servlet Engine: Apache Tomcat/8.5.32
2018-11-16 13:52:19,375 INFO org.apache.juli.logging.DirectJDKLog [localhost-startStop-1] The APR based Apache Tomcat Native library which allows optimal performance in production environments was not found on the java.library.path: [C:\Program Files\Java\jdk1.8.0_191\bin;C:\Windows\Sun\Java\bin;C:\Windows\system32;C:\Windows;C:\Program Files (x86)\Common Files\Oracle\Java\javapath;C:\Program Files (x86)\NVIDIA Corporation\PhysX\Common;C:\Program Files (x86)\Intel\iCLS Client\;C:\Program Files\Intel\iCLS Client\;C:\Windows\system32;C:\Windows;C:\Windows\System32\Wbem;C:\Windows\System32\WindowsPowerShell\v1.0\;C:\Program Files\Intel\Intel(R) Management Engine Components\DAL;C:\Program Files (x86)\Intel\Intel(R) Management Engine Components\DAL;C:\Program Files\Intel\Intel(R) Management Engine Components\IPT;C:\Program Files (x86)\Intel\Intel(R) Management Engine Components\IPT;C:\Program Files\Common Files\Autodesk Shared\;C:\Program Files (x86)\Autodesk\Backburner\;C:\Program Files\nodejs\;C:\Program Files\Git\cmd;C:\Program Files\PuTTY\;c:\Program Files\apache-maven-3.5.3\bin\;C:\Users\borysenko\AppData\Local\GitHubDesktop\bin;C:\Users\borysenko\AppData\Roaming\npm;C:\Program Files\Heroku\bin;.]
2018-11-16 13:52:19,426 INFO org.apache.juli.logging.DirectJDKLog [localhost-startStop-1] Initializing Spring embedded WebApplicationContext
2018-11-16 13:52:19,427 INFO org.springframework.boot.web.servlet.context.ServletWebServerApplicationContext [localhost-startStop-1] Root WebApplicationContext: initialization completed in 1288 ms
2018-11-16 13:52:19,604 INFO org.springframework.orm.jpa.LocalContainerEntityManagerFactoryBean [localhost-startStop-1] Building JPA container EntityManagerFactory for persistence unit 'default'
2018-11-16 13:52:19,612 INFO org.hibernate.jpa.internal.util.LogHelper [localhost-startStop-1] HHH000204: Processing PersistenceUnitInfo [
	name: default
	...]
2018-11-16 13:52:19,711 INFO org.hibernate.Version [localhost-startStop-1] HHH000412: Hibernate Core {5.2.17.Final}
2018-11-16 13:52:19,713 INFO org.hibernate.cfg.Environment [localhost-startStop-1] HHH000206: hibernate.properties not found
2018-11-16 13:52:19,734 INFO org.hibernate.annotations.common.reflection.java.JavaReflectionManager [localhost-startStop-1] HCANN000001: Hibernate Commons Annotations {5.0.1.Final}
2018-11-16 13:52:19,803 INFO com.zaxxer.hikari.HikariDataSource [localhost-startStop-1] HikariPool-1 - Starting...
2018-11-16 13:52:19,912 INFO com.zaxxer.hikari.HikariDataSource [localhost-startStop-1] HikariPool-1 - Start completed.
2018-11-16 13:52:19,918 INFO org.hibernate.dialect.Dialect [localhost-startStop-1] HHH000400: Using dialect: org.hibernate.dialect.MySQL5Dialect
2018-11-16 13:52:20,311 INFO org.springframework.orm.jpa.AbstractEntityManagerFactoryBean [localhost-startStop-1] Initialized JPA EntityManagerFactory for persistence unit 'default'
2018-11-16 13:52:20,495 INFO org.hibernate.hql.internal.QueryTranslatorFactoryInitiator [localhost-startStop-1] HHH000397: Using ASTQueryTranslatorFactory
2018-11-16 13:52:20,624 INFO org.springframework.boot.web.servlet.AbstractFilterRegistrationBean [localhost-startStop-1] Mapping filter: 'characterEncodingFilter' to: [/*]
2018-11-16 13:52:20,624 INFO org.springframework.boot.web.servlet.AbstractFilterRegistrationBean [localhost-startStop-1] Mapping filter: 'hiddenHttpMethodFilter' to: [/*]
2018-11-16 13:52:20,625 INFO org.springframework.boot.web.servlet.AbstractFilterRegistrationBean [localhost-startStop-1] Mapping filter: 'httpPutFormContentFilter' to: [/*]
2018-11-16 13:52:20,625 INFO org.springframework.boot.web.servlet.AbstractFilterRegistrationBean [localhost-startStop-1] Mapping filter: 'requestContextFilter' to: [/*]
2018-11-16 13:52:20,625 INFO org.springframework.boot.web.servlet.AbstractFilterRegistrationBean [localhost-startStop-1] Mapping filter: 'springSecurityFilterChain' to: [/*]
2018-11-16 13:52:20,625 INFO org.springframework.boot.web.servlet.AbstractFilterRegistrationBean [localhost-startStop-1] Mapping filter: 'authenticationJwtTokenFilter' to: [/*]
2018-11-16 13:52:20,625 INFO org.springframework.boot.web.servlet.ServletRegistrationBean [localhost-startStop-1] Servlet dispatcherServlet mapped to [/]
2018-11-16 13:52:20,899 INFO org.springframework.web.servlet.handler.AbstractUrlHandlerMapping [restartedMain] Mapped URL path [/**/favicon.ico] onto handler of type [class org.springframework.web.servlet.resource.ResourceHttpRequestHandler]
2018-11-16 13:52:20,906 WARN org.springframework.boot.autoconfigure.orm.jpa.JpaBaseConfiguration$JpaWebConfiguration$JpaWebMvcConfiguration [restartedMain] spring.jpa.open-in-view is enabled by default. Therefore, database queries may be performed during view rendering. Explicitly configure spring.jpa.open-in-view to disable this warning
2018-11-16 13:52:20,940 INFO org.springframework.web.servlet.handler.AbstractHandlerMethodMapping$MappingRegistry [restartedMain] Mapped "{[/]}" onto public java.lang.String com.gmail.stepan1983.Controllers.ControllerMain.index()
2018-11-16 13:52:20,941 INFO org.springframework.web.servlet.handler.AbstractHandlerMethodMapping$MappingRegistry [restartedMain] Mapped "{[/adminPage]}" onto public java.lang.String com.gmail.stepan1983.Controllers.ControllerMain.adminPage()
2018-11-16 13:52:20,946 INFO org.springframework.web.servlet.handler.AbstractHandlerMethodMapping$MappingRegistry [restartedMain] Mapped "{[/userInfo]}" onto public org.springframework.http.ResponseEntity com.gmail.stepan1983.Controllers.MyRestController.userInfo(java.lang.String,java.lang.String)
2018-11-16 13:52:20,947 INFO org.springframework.web.servlet.handler.AbstractHandlerMethodMapping$MappingRegistry [restartedMain] Mapped "{[/userPage]}" onto public java.util.List<com.gmail.stepan1983.DTO.ClientDTO> com.gmail.stepan1983.Controllers.MyRestController.userPage(java.lang.Integer,java.lang.Integer,java.lang.Long,java.lang.Long,java.lang.String,java.lang.Boolean)
2018-11-16 13:52:20,948 INFO org.springframework.web.servlet.handler.AbstractHandlerMethodMapping$MappingRegistry [restartedMain] Mapped "{[/getUsers]}" onto public java.util.List<com.gmail.stepan1983.DTO.ClientDTO> com.gmail.stepan1983.Controllers.MyRestController.getUsers()
2018-11-16 13:52:20,948 INFO org.springframework.web.servlet.handler.AbstractHandlerMethodMapping$MappingRegistry [restartedMain] Mapped "{[/createNewUser],methods=[POST]}" onto public org.springframework.http.ResponseEntity com.gmail.stepan1983.Controllers.MyRestController.createNewUser(org.springframework.web.multipart.MultipartFile,java.lang.String,java.lang.String,java.lang.String,java.lang.String,java.lang.String,java.lang.String,java.lang.String,java.lang.String,java.lang.Boolean,java.lang.Long)
2018-11-16 13:52:20,949 INFO org.springframework.web.servlet.handler.AbstractHandlerMethodMapping$MappingRegistry [restartedMain] Mapped "{[/signin],methods=[POST]}" onto public org.springframework.http.ResponseEntity<?> com.gmail.stepan1983.Controllers.MyRestController.authenticateUser(com.gmail.stepan1983.DTO.LoginForm)
2018-11-16 13:52:20,949 INFO org.springframework.web.servlet.handler.AbstractHandlerMethodMapping$MappingRegistry [restartedMain] Mapped "{[/deleteUser]}" onto public org.springframework.http.ResponseEntity com.gmail.stepan1983.Controllers.MyRestController.deleteUser(java.lang.Long)
2018-11-16 13:52:20,950 INFO org.springframework.web.servlet.handler.AbstractHandlerMethodMapping$MappingRegistry [restartedMain] Mapped "{[/orders]}" onto public org.springframework.http.ResponseEntity com.gmail.stepan1983.Controllers.MyRestController.getUserOrders(java.lang.Long,java.lang.Long,java.lang.Integer,java.lang.String,java.lang.Boolean,java.lang.Boolean)
2018-11-16 13:52:20,950 INFO org.springframework.web.servlet.handler.AbstractHandlerMethodMapping$MappingRegistry [restartedMain] Mapped "{[/countOrdersByParam],methods=[GET]}" onto public org.springframework.http.ResponseEntity com.gmail.stepan1983.Controllers.MyRestController.countOrdersByParam(java.lang.String,java.lang.String)
2018-11-16 13:52:20,950 INFO org.springframework.web.servlet.handler.AbstractHandlerMethodMapping$MappingRegistry [restartedMain] Mapped "{[/usersCount]}" onto public java.lang.Long com.gmail.stepan1983.Controllers.MyRestController.getTotalUsersCount()
2018-11-16 13:52:20,951 INFO org.springframework.web.servlet.handler.AbstractHandlerMethodMapping$MappingRegistry [restartedMain] Mapped "{[/signinAdmin],methods=[POST]}" onto public org.springframework.http.ResponseEntity<?> com.gmail.stepan1983.Controllers.MyRestController.authenticateAdmin(com.gmail.stepan1983.DTO.LoginForm)
2018-11-16 13:52:20,951 INFO org.springframework.web.servlet.handler.AbstractHandlerMethodMapping$MappingRegistry [restartedMain] Mapped "{[/orderCount]}" onto public java.lang.Long com.gmail.stepan1983.Controllers.MyRestController.getTotalOrderCount()
2018-11-16 13:52:20,951 INFO org.springframework.web.servlet.handler.AbstractHandlerMethodMapping$MappingRegistry [restartedMain] Mapped "{[/bookItemsByParam]}" onto public com.gmail.stepan1983.DTO.BookItemsWithParamList com.gmail.stepan1983.Controllers.MyRestController.getBookItemsByParam(java.lang.String[],java.lang.String[],java.lang.String[],java.lang.String[],java.lang.String,java.lang.Integer,java.lang.Integer,java.lang.String,java.lang.Boolean)
2018-11-16 13:52:20,952 INFO org.springframework.web.servlet.handler.AbstractHandlerMethodMapping$MappingRegistry [restartedMain] Mapped "{[/bookCount]}" onto public java.lang.Long com.gmail.stepan1983.Controllers.MyRestController.getTotalBookCount()
2018-11-16 13:52:20,952 INFO org.springframework.web.servlet.handler.AbstractHandlerMethodMapping$MappingRegistry [restartedMain] Mapped "{[/createNewBookItem],methods=[POST]}" onto public org.springframework.http.ResponseEntity com.gmail.stepan1983.Controllers.MyRestController.createNewBookItem(org.springframework.web.multipart.MultipartFile,java.lang.String,java.lang.String,java.lang.String,java.lang.String,java.lang.String,java.lang.Double,java.lang.String,java.lang.Boolean,java.lang.Long)
2018-11-16 13:52:20,952 INFO org.springframework.web.servlet.handler.AbstractHandlerMethodMapping$MappingRegistry [restartedMain] Mapped "{[/createNewPublisher],methods=[POST]}" onto public org.springframework.http.ResponseEntity com.gmail.stepan1983.Controllers.MyRestController.createNewPublisher(java.lang.String,java.lang.String,java.lang.String)
2018-11-16 13:52:20,953 INFO org.springframework.web.servlet.handler.AbstractHandlerMethodMapping$MappingRegistry [restartedMain] Mapped "{[/createNewCategory],methods=[POST]}" onto public org.springframework.http.ResponseEntity com.gmail.stepan1983.Controllers.MyRestController.createNewCategoryItem(java.lang.String,java.lang.String)
2018-11-16 13:52:20,954 INFO org.springframework.web.servlet.handler.AbstractHandlerMethodMapping$MappingRegistry [restartedMain] Mapped "{[/getBookParameters]}" onto public java.util.List<java.util.List<java.lang.String>> com.gmail.stepan1983.Controllers.MyRestController.getBookParameters()
2018-11-16 13:52:20,954 INFO org.springframework.web.servlet.handler.AbstractHandlerMethodMapping$MappingRegistry [restartedMain] Mapped "{[/saveOrder],methods=[POST]}" onto public org.springframework.http.ResponseEntity com.gmail.stepan1983.Controllers.MyRestController.saveOrder(com.gmail.stepan1983.DTO.OrderDTO)
2018-11-16 13:52:20,955 INFO org.springframework.web.servlet.handler.AbstractHandlerMethodMapping$MappingRegistry [restartedMain] Mapped "{[/deleteOrder],methods=[POST]}" onto public org.springframework.http.ResponseEntity com.gmail.stepan1983.Controllers.MyRestController.deleteOrder(com.gmail.stepan1983.DTO.OrderDTO)
2018-11-16 13:52:20,955 INFO org.springframework.web.servlet.handler.AbstractHandlerMethodMapping$MappingRegistry [restartedMain] Mapped "{[/createNewOrder]}" onto public org.springframework.http.ResponseEntity com.gmail.stepan1983.Controllers.MyRestController.createNewOrder()
2018-11-16 13:52:20,955 INFO org.springframework.web.servlet.handler.AbstractHandlerMethodMapping$MappingRegistry [restartedMain] Mapped "{[/submitOrder],methods=[POST]}" onto public org.springframework.http.ResponseEntity com.gmail.stepan1983.Controllers.MyRestController.submitOrder(com.gmail.stepan1983.DTO.OrderDTO)
2018-11-16 13:52:20,955 INFO org.springframework.web.servlet.handler.AbstractHandlerMethodMapping$MappingRegistry [restartedMain] Mapped "{[/bookItems]}" onto public java.util.List<com.gmail.stepan1983.DTO.BookItemDTO> com.gmail.stepan1983.Controllers.MyRestController.getBookItems(java.lang.Long,java.lang.Long,java.lang.Integer,java.lang.String,java.lang.Boolean,java.lang.String)
2018-11-16 13:52:20,956 INFO org.springframework.web.servlet.handler.AbstractHandlerMethodMapping$MappingRegistry [restartedMain] Mapped "{[/saveBookItem],methods=[POST]}" onto public org.springframework.http.ResponseEntity com.gmail.stepan1983.Controllers.MyRestController.saveBookItem(com.gmail.stepan1983.DTO.BookItemDTO)
2018-11-16 13:52:20,956 INFO org.springframework.web.servlet.handler.AbstractHandlerMethodMapping$MappingRegistry [restartedMain] Mapped "{[/deleteBookItem],methods=[POST]}" onto public org.springframework.http.ResponseEntity com.gmail.stepan1983.Controllers.MyRestController.deleteBookItem(com.gmail.stepan1983.DTO.BookItemDTO)
2018-11-16 13:52:20,956 INFO org.springframework.web.servlet.handler.AbstractHandlerMethodMapping$MappingRegistry [restartedMain] Mapped "{[/storageBook]}" onto public com.gmail.stepan1983.DTO.StorageBookDTO com.gmail.stepan1983.Controllers.MyRestController.getStorageBook()
2018-11-16 13:52:20,957 INFO org.springframework.web.servlet.handler.AbstractHandlerMethodMapping$MappingRegistry [restartedMain] Mapped "{[/rates],methods=[GET]}" onto public com.gmail.stepan1983.model.Rate com.gmail.stepan1983.Controllers.MyRestController.getRates()
2018-11-16 13:52:20,957 INFO org.springframework.web.servlet.handler.AbstractHandlerMethodMapping$MappingRegistry [restartedMain] Mapped "{[/tasks],methods=[POST]}" onto public java.util.List<com.gmail.stepan1983.model.Task> com.gmail.stepan1983.Controllers.MyRestController.updateTasks(com.gmail.stepan1983.DTO.TaskDTO)
2018-11-16 13:52:20,957 INFO org.springframework.web.servlet.handler.AbstractHandlerMethodMapping$MappingRegistry [restartedMain] Mapped "{[/getTasks]}" onto public java.util.List<com.gmail.stepan1983.model.Task> com.gmail.stepan1983.Controllers.MyRestController.getTasks()
2018-11-16 13:52:20,958 INFO org.springframework.web.servlet.handler.AbstractHandlerMethodMapping$MappingRegistry [restartedMain] Mapped "{[/addBooks],methods=[POST]}" onto public org.springframework.http.ResponseEntity com.gmail.stepan1983.Controllers.MyRestController.addBooks(org.springframework.web.multipart.MultipartFile,org.springframework.web.multipart.MultipartFile)
2018-11-16 13:52:20,958 INFO org.springframework.web.servlet.handler.AbstractHandlerMethodMapping$MappingRegistry [restartedMain] Mapped "{[/photo/{photoId}]}" onto public org.springframework.http.ResponseEntity<byte[]> com.gmail.stepan1983.Controllers.MyRestController.getPhotoBytes(java.lang.Long)
2018-11-16 13:52:20,958 INFO org.springframework.web.servlet.handler.AbstractHandlerMethodMapping$MappingRegistry [restartedMain] Mapped "{[/cover/{coverId}]}" onto public org.springframework.http.ResponseEntity<byte[]> com.gmail.stepan1983.Controllers.MyRestController.getCoverBytes(java.lang.Long)
2018-11-16 13:52:20,961 INFO org.springframework.web.servlet.handler.AbstractHandlerMethodMapping$MappingRegistry [restartedMain] Mapped "{[/error]}" onto public org.springframework.http.ResponseEntity<java.util.Map<java.lang.String, java.lang.Object>> org.springframework.boot.autoconfigure.web.servlet.error.BasicErrorController.error(javax.servlet.http.HttpServletRequest)
2018-11-16 13:52:20,961 INFO org.springframework.web.servlet.handler.AbstractHandlerMethodMapping$MappingRegistry [restartedMain] Mapped "{[/error],produces=[text/html]}" onto public org.springframework.web.servlet.ModelAndView org.springframework.boot.autoconfigure.web.servlet.error.BasicErrorController.errorHtml(javax.servlet.http.HttpServletRequest,javax.servlet.http.HttpServletResponse)
2018-11-16 13:52:20,979 INFO org.springframework.web.servlet.handler.AbstractUrlHandlerMapping [restartedMain] Mapped URL path [/webjars/**] onto handler of type [class org.springframework.web.servlet.resource.ResourceHttpRequestHandler]
2018-11-16 13:52:20,979 INFO org.springframework.web.servlet.handler.AbstractUrlHandlerMapping [restartedMain] Mapped URL path [/static/**] onto handler of type [class org.springframework.web.servlet.resource.ResourceHttpRequestHandler]
2018-11-16 13:52:21,008 INFO org.springframework.security.web.DefaultSecurityFilterChain [restartedMain] Creating filter chain: org.springframework.security.web.util.matcher.AnyRequestMatcher@1, [org.springframework.security.web.context.request.async.WebAsyncManagerIntegrationFilter@16d03562, org.springframework.security.web.context.SecurityContextPersistenceFilter@d9cd604, org.springframework.security.web.header.HeaderWriterFilter@684d3a89, org.springframework.web.filter.CorsFilter@253ff821, org.springframework.security.web.authentication.logout.LogoutFilter@7bb0019e, com.gmail.stepan1983.config.jwt.JwtAuthTokenFilter@6ca6cf03, org.springframework.security.web.authentication.www.BasicAuthenticationFilter@b23107c, org.springframework.security.web.savedrequest.RequestCacheAwareFilter@2dd2bde6, org.springframework.security.web.servletapi.SecurityContextHolderAwareRequestFilter@56d2307, org.springframework.security.web.authentication.AnonymousAuthenticationFilter@229249c5, org.springframework.security.web.session.SessionManagementFilter@59452920, org.springframework.security.web.access.ExceptionTranslationFilter@6ce86316, org.springframework.security.web.access.intercept.FilterSecurityInterceptor@7588efac]
2018-11-16 13:52:21,152 INFO org.springframework.web.servlet.mvc.method.annotation.RequestMappingHandlerAdapter [restartedMain] Looking for @ControllerAdvice: org.springframework.boot.web.servlet.context.AnnotationConfigServletWebServerApplicationContext@2e909600: startup date [Fri Nov 16 13:52:18 EET 2018]; root of context hierarchy
2018-11-16 13:52:21,343 INFO org.springframework.boot.devtools.autoconfigure.OptionalLiveReloadServer [restartedMain] LiveReload server is running on port 35729
2018-11-16 13:52:21,367 INFO org.springframework.jmx.export.MBeanExporter [restartedMain] Registering beans for JMX exposure on startup
2018-11-16 13:52:21,368 INFO org.springframework.jmx.export.MBeanExporter [restartedMain] Bean with name 'dataSource' has been autodetected for JMX exposure
2018-11-16 13:52:21,372 INFO org.springframework.jmx.export.MBeanExporter [restartedMain] Located MBean 'dataSource': registering with JMX server as MBean [com.zaxxer.hikari:name=dataSource,type=HikariDataSource]
2018-11-16 13:52:21,380 INFO org.apache.juli.logging.DirectJDKLog [restartedMain] Starting ProtocolHandler ["http-nio-8080"]
2018-11-16 13:52:21,386 INFO org.apache.juli.logging.DirectJDKLog [restartedMain] Using a shared selector for servlet write/read
2018-11-16 13:52:21,394 INFO org.springframework.boot.web.embedded.tomcat.TomcatWebServer [restartedMain] Tomcat started on port(s): 8080 (http) with context path ''
2018-11-16 13:52:21,397 INFO org.springframework.boot.StartupInfoLogger [restartedMain] Started Application in 3.595 seconds (JVM running for 4.027)
