2018-11-17 20:23:27,764 INFO org.springframework.boot.StartupInfoLogger [main] Starting Application v1.0-SNAPSHOT on PRIMARY with PID 11012 (C:\Users\HOME\Documents\git\JavaPro4\OnlineBookstore6\target\OnlineBookStore-1.0-SNAPSHOT.jar started by HOME in C:\Users\HOME\Documents\git\JavaPro4\OnlineBookstore6\target)
2018-11-17 20:23:27,770 INFO org.springframework.boot.SpringApplication [main] No active profile set, falling back to default profiles: default
2018-11-17 20:23:27,839 INFO org.springframework.context.support.AbstractApplicationContext [main] Refreshing org.springframework.boot.web.servlet.context.AnnotationConfigServletWebServerApplicationContext@51016012: startup date [Sat Nov 17 20:23:27 EET 2018]; root of context hierarchy
2018-11-17 20:23:29,526 INFO org.springframework.context.support.PostProcessorRegistrationDelegate$BeanPostProcessorChecker [main] Bean 'org.springframework.transaction.annotation.ProxyTransactionManagementConfiguration' of type [org.springframework.transaction.annotation.ProxyTransactionManagementConfiguration$$EnhancerBySpringCGLIB$$23fc9d3b] is not eligible for getting processed by all BeanPostProcessors (for example: not eligible for auto-proxying)
2018-11-17 20:23:30,302 INFO org.springframework.boot.web.embedded.tomcat.TomcatWebServer [main] Tomcat initialized with port(s): 8080 (http)
2018-11-17 20:23:30,328 INFO org.apache.juli.logging.DirectJDKLog [main] Initializing ProtocolHandler ["http-nio-8080"]
2018-11-17 20:23:30,342 INFO org.apache.juli.logging.DirectJDKLog [main] Starting service [Tomcat]
2018-11-17 20:23:30,342 INFO org.apache.juli.logging.DirectJDKLog [main] Starting Servlet Engine: Apache Tomcat/8.5.32
2018-11-17 20:23:30,354 INFO org.apache.juli.logging.DirectJDKLog [localhost-startStop-1] The APR based Apache Tomcat Native library which allows optimal performance in production environments was not found on the java.library.path: [C:\Program Files\Java\jre1.8.0_191\bin;C:\Windows\Sun\Java\bin;C:\Windows\system32;C:\Windows;C:\Program Files (x86)\Common Files\Oracle\Java\javapath;C:\Program Files (x86)\NVIDIA Corporation\PhysX\Common;C:\Program Files (x86)\Intel\iCLS Client\;C:\Program Files\Intel\iCLS Client\;C:\Windows\system32;C:\Windows;C:\Windows\System32\Wbem;C:\Windows\System32\WindowsPowerShell\v1.0\;C:\Program Files\Intel\Intel(R) Management Engine Components\DAL;C:\Program Files\Intel\Intel(R) Management Engine Components\IPT;C:\Program Files (x86)\Intel\Intel(R) Management Engine Components\DAL;C:\Program Files (x86)\Intel\Intel(R) Management Engine Components\IPT;C:\Program Files\Intel\WiFi\bin\;C:\Program Files\Common Files\Intel\WirelessCommon\;C:\Program Files (x86)\Intel\OpenCL SDK\2.0\bin\x86;C:\Program Files (x86)\Intel\OpenCL SDK\2.0\bin\x64;C:\Program Files\apache-maven-3.5.3\bin;C:\Program Files\Git\cmd;C:\Program Files\nodejs\;C:\Program Files\PuTTY\;C:\Users\HOME\AppData\Local\GitHubDesktop\bin;C:\Users\HOME\AppData\Roaming\npm;C:\Program Files\heroku\bin;.]
2018-11-17 20:23:30,448 INFO org.apache.juli.logging.DirectJDKLog [localhost-startStop-1] Initializing Spring embedded WebApplicationContext
2018-11-17 20:23:30,448 INFO org.springframework.boot.web.servlet.context.ServletWebServerApplicationContext [localhost-startStop-1] Root WebApplicationContext: initialization completed in 2609 ms
2018-11-17 20:23:30,982 INFO org.springframework.orm.jpa.LocalContainerEntityManagerFactoryBean [localhost-startStop-1] Building JPA container EntityManagerFactory for persistence unit 'default'
2018-11-17 20:23:31,013 INFO org.hibernate.jpa.internal.util.LogHelper [localhost-startStop-1] HHH000204: Processing PersistenceUnitInfo [
	name: default
	...]
2018-11-17 20:23:31,127 INFO org.hibernate.Version [localhost-startStop-1] HHH000412: Hibernate Core {5.2.17.Final}
2018-11-17 20:23:31,131 INFO org.hibernate.cfg.Environment [localhost-startStop-1] HHH000206: hibernate.properties not found
2018-11-17 20:23:31,192 INFO org.hibernate.annotations.common.reflection.java.JavaReflectionManager [localhost-startStop-1] HCANN000001: Hibernate Commons Annotations {5.0.1.Final}
2018-11-17 20:23:31,516 INFO com.zaxxer.hikari.HikariDataSource [localhost-startStop-1] HikariPool-1 - Starting...
2018-11-17 20:23:31,777 INFO com.zaxxer.hikari.HikariDataSource [localhost-startStop-1] HikariPool-1 - Start completed.
2018-11-17 20:23:31,794 INFO org.hibernate.dialect.Dialect [localhost-startStop-1] HHH000400: Using dialect: org.hibernate.dialect.MySQL5Dialect
2018-11-17 20:23:32,729 INFO org.springframework.orm.jpa.AbstractEntityManagerFactoryBean [localhost-startStop-1] Initialized JPA EntityManagerFactory for persistence unit 'default'
2018-11-17 20:23:33,192 INFO org.hibernate.hql.internal.QueryTranslatorFactoryInitiator [localhost-startStop-1] HHH000397: Using ASTQueryTranslatorFactory
2018-11-17 20:23:33,565 INFO org.springframework.boot.web.servlet.AbstractFilterRegistrationBean [localhost-startStop-1] Mapping filter: 'characterEncodingFilter' to: [/*]
2018-11-17 20:23:33,566 INFO org.springframework.boot.web.servlet.AbstractFilterRegistrationBean [localhost-startStop-1] Mapping filter: 'hiddenHttpMethodFilter' to: [/*]
2018-11-17 20:23:33,566 INFO org.springframework.boot.web.servlet.AbstractFilterRegistrationBean [localhost-startStop-1] Mapping filter: 'httpPutFormContentFilter' to: [/*]
2018-11-17 20:23:33,567 INFO org.springframework.boot.web.servlet.AbstractFilterRegistrationBean [localhost-startStop-1] Mapping filter: 'requestContextFilter' to: [/*]
2018-11-17 20:23:33,567 INFO org.springframework.boot.web.servlet.AbstractFilterRegistrationBean [localhost-startStop-1] Mapping filter: 'springSecurityFilterChain' to: [/*]
2018-11-17 20:23:33,568 INFO org.springframework.boot.web.servlet.AbstractFilterRegistrationBean [localhost-startStop-1] Mapping filter: 'authenticationJwtTokenFilter' to: [/*]
2018-11-17 20:23:33,568 INFO org.springframework.boot.web.servlet.ServletRegistrationBean [localhost-startStop-1] Servlet dispatcherServlet mapped to [/]
2018-11-17 20:23:34,326 INFO org.springframework.web.servlet.handler.AbstractUrlHandlerMapping [main] Mapped URL path [/**/favicon.ico] onto handler of type [class org.springframework.web.servlet.resource.ResourceHttpRequestHandler]
2018-11-17 20:23:34,350 WARN org.springframework.boot.autoconfigure.orm.jpa.JpaBaseConfiguration$JpaWebConfiguration$JpaWebMvcConfiguration [main] spring.jpa.open-in-view is enabled by default. Therefore, database queries may be performed during view rendering. Explicitly configure spring.jpa.open-in-view to disable this warning
2018-11-17 20:23:34,435 INFO org.springframework.web.servlet.handler.AbstractHandlerMethodMapping$MappingRegistry [main] Mapped "{[/]}" onto public java.lang.String com.gmail.stepan1983.Controllers.ControllerMain.index()
2018-11-17 20:23:34,436 INFO org.springframework.web.servlet.handler.AbstractHandlerMethodMapping$MappingRegistry [main] Mapped "{[/adminPage]}" onto public java.lang.String com.gmail.stepan1983.Controllers.ControllerMain.adminPage()
2018-11-17 20:23:34,445 INFO org.springframework.web.servlet.handler.AbstractHandlerMethodMapping$MappingRegistry [main] Mapped "{[/userInfo]}" onto public org.springframework.http.ResponseEntity com.gmail.stepan1983.Controllers.MyRestController.userInfo(java.lang.String,java.lang.String)
2018-11-17 20:23:34,448 INFO org.springframework.web.servlet.handler.AbstractHandlerMethodMapping$MappingRegistry [main] Mapped "{[/usersCount]}" onto public java.lang.Long com.gmail.stepan1983.Controllers.MyRestController.getTotalUsersCount()
2018-11-17 20:23:34,449 INFO org.springframework.web.servlet.handler.AbstractHandlerMethodMapping$MappingRegistry [main] Mapped "{[/signinAdmin],methods=[POST]}" onto public org.springframework.http.ResponseEntity<?> com.gmail.stepan1983.Controllers.MyRestController.authenticateAdmin(com.gmail.stepan1983.DTO.LoginForm)
2018-11-17 20:23:34,449 INFO org.springframework.web.servlet.handler.AbstractHandlerMethodMapping$MappingRegistry [main] Mapped "{[/orderCount]}" onto public java.lang.Long com.gmail.stepan1983.Controllers.MyRestController.getTotalOrderCount()
2018-11-17 20:23:34,450 INFO org.springframework.web.servlet.handler.AbstractHandlerMethodMapping$MappingRegistry [main] Mapped "{[/bookItemsByParam]}" onto public com.gmail.stepan1983.DTO.BookItemsWithParamList com.gmail.stepan1983.Controllers.MyRestController.getBookItemsByParam(java.lang.String[],java.lang.String[],java.lang.String[],java.lang.String[],java.lang.String,java.lang.Integer,java.lang.Integer,java.lang.String,java.lang.Boolean)
2018-11-17 20:23:34,451 INFO org.springframework.web.servlet.handler.AbstractHandlerMethodMapping$MappingRegistry [main] Mapped "{[/bookCount]}" onto public java.lang.Long com.gmail.stepan1983.Controllers.MyRestController.getTotalBookCount()
2018-11-17 20:23:34,452 INFO org.springframework.web.servlet.handler.AbstractHandlerMethodMapping$MappingRegistry [main] Mapped "{[/createNewBookItem],methods=[POST]}" onto public org.springframework.http.ResponseEntity com.gmail.stepan1983.Controllers.MyRestController.createNewBookItem(org.springframework.web.multipart.MultipartFile,java.lang.String,java.lang.String,java.lang.String,java.lang.String,java.lang.String,java.lang.Double,java.lang.String,java.lang.Boolean,java.lang.Long)
2018-11-17 20:23:34,452 INFO org.springframework.web.servlet.handler.AbstractHandlerMethodMapping$MappingRegistry [main] Mapped "{[/createNewPublisher],methods=[POST]}" onto public org.springframework.http.ResponseEntity com.gmail.stepan1983.Controllers.MyRestController.createNewPublisher(java.lang.String,java.lang.String,java.lang.String)
2018-11-17 20:23:34,453 INFO org.springframework.web.servlet.handler.AbstractHandlerMethodMapping$MappingRegistry [main] Mapped "{[/createNewCategory],methods=[POST]}" onto public org.springframework.http.ResponseEntity com.gmail.stepan1983.Controllers.MyRestController.createNewCategoryItem(java.lang.String,java.lang.String)
2018-11-17 20:23:34,454 INFO org.springframework.web.servlet.handler.AbstractHandlerMethodMapping$MappingRegistry [main] Mapped "{[/getBookParameters]}" onto public java.util.List<java.util.List<java.lang.String>> com.gmail.stepan1983.Controllers.MyRestController.getBookParameters()
2018-11-17 20:23:34,455 INFO org.springframework.web.servlet.handler.AbstractHandlerMethodMapping$MappingRegistry [main] Mapped "{[/userPage]}" onto public java.util.List<com.gmail.stepan1983.DTO.ClientDTO> com.gmail.stepan1983.Controllers.MyRestController.userPage(java.lang.Integer,java.lang.Integer,java.lang.Long,java.lang.Long,java.lang.String,java.lang.Boolean)
2018-11-17 20:23:34,456 INFO org.springframework.web.servlet.handler.AbstractHandlerMethodMapping$MappingRegistry [main] Mapped "{[/getUsers]}" onto public java.util.List<com.gmail.stepan1983.DTO.ClientDTO> com.gmail.stepan1983.Controllers.MyRestController.getUsers()
2018-11-17 20:23:34,457 INFO org.springframework.web.servlet.handler.AbstractHandlerMethodMapping$MappingRegistry [main] Mapped "{[/createNewUser],methods=[POST]}" onto public org.springframework.http.ResponseEntity com.gmail.stepan1983.Controllers.MyRestController.createNewUser(org.springframework.web.multipart.MultipartFile,java.lang.String,java.lang.String,java.lang.String,java.lang.String,java.lang.String,java.lang.String,java.lang.String,java.lang.String,java.lang.Boolean,java.lang.Long)
2018-11-17 20:23:34,458 INFO org.springframework.web.servlet.handler.AbstractHandlerMethodMapping$MappingRegistry [main] Mapped "{[/signin],methods=[POST]}" onto public org.springframework.http.ResponseEntity<?> com.gmail.stepan1983.Controllers.MyRestController.authenticateUser(com.gmail.stepan1983.DTO.LoginForm)
2018-11-17 20:23:34,458 INFO org.springframework.web.servlet.handler.AbstractHandlerMethodMapping$MappingRegistry [main] Mapped "{[/deleteUser]}" onto public org.springframework.http.ResponseEntity com.gmail.stepan1983.Controllers.MyRestController.deleteUser(java.lang.Long)
2018-11-17 20:23:34,459 INFO org.springframework.web.servlet.handler.AbstractHandlerMethodMapping$MappingRegistry [main] Mapped "{[/orders]}" onto public org.springframework.http.ResponseEntity com.gmail.stepan1983.Controllers.MyRestController.getUserOrders(java.lang.Long,java.lang.Long,java.lang.Integer,java.lang.String,java.lang.Boolean,java.lang.Boolean)
2018-11-17 20:23:34,461 INFO org.springframework.web.servlet.handler.AbstractHandlerMethodMapping$MappingRegistry [main] Mapped "{[/saveOrder],methods=[POST]}" onto public org.springframework.http.ResponseEntity com.gmail.stepan1983.Controllers.MyRestController.saveOrder(com.gmail.stepan1983.DTO.OrderDTO)
2018-11-17 20:23:34,462 INFO org.springframework.web.servlet.handler.AbstractHandlerMethodMapping$MappingRegistry [main] Mapped "{[/deleteOrder],methods=[POST]}" onto public org.springframework.http.ResponseEntity com.gmail.stepan1983.Controllers.MyRestController.deleteOrder(com.gmail.stepan1983.DTO.OrderDTO)
2018-11-17 20:23:34,463 INFO org.springframework.web.servlet.handler.AbstractHandlerMethodMapping$MappingRegistry [main] Mapped "{[/createNewOrder]}" onto public org.springframework.http.ResponseEntity com.gmail.stepan1983.Controllers.MyRestController.createNewOrder()
2018-11-17 20:23:34,464 INFO org.springframework.web.servlet.handler.AbstractHandlerMethodMapping$MappingRegistry [main] Mapped "{[/submitOrder],methods=[POST]}" onto public org.springframework.http.ResponseEntity com.gmail.stepan1983.Controllers.MyRestController.submitOrder(com.gmail.stepan1983.DTO.OrderDTO)
2018-11-17 20:23:34,465 INFO org.springframework.web.servlet.handler.AbstractHandlerMethodMapping$MappingRegistry [main] Mapped "{[/bookItems]}" onto public java.util.List<com.gmail.stepan1983.DTO.BookItemDTO> com.gmail.stepan1983.Controllers.MyRestController.getBookItems(java.lang.Long,java.lang.Long,java.lang.Integer,java.lang.String,java.lang.Boolean,java.lang.String)
2018-11-17 20:23:34,466 INFO org.springframework.web.servlet.handler.AbstractHandlerMethodMapping$MappingRegistry [main] Mapped "{[/saveBookItem],methods=[POST]}" onto public org.springframework.http.ResponseEntity com.gmail.stepan1983.Controllers.MyRestController.saveBookItem(com.gmail.stepan1983.DTO.BookItemDTO)
2018-11-17 20:23:34,467 INFO org.springframework.web.servlet.handler.AbstractHandlerMethodMapping$MappingRegistry [main] Mapped "{[/deleteBookItem],methods=[POST]}" onto public org.springframework.http.ResponseEntity com.gmail.stepan1983.Controllers.MyRestController.deleteBookItem(com.gmail.stepan1983.DTO.BookItemDTO)
2018-11-17 20:23:34,468 INFO org.springframework.web.servlet.handler.AbstractHandlerMethodMapping$MappingRegistry [main] Mapped "{[/storageBook]}" onto public com.gmail.stepan1983.DTO.StorageBookDTO com.gmail.stepan1983.Controllers.MyRestController.getStorageBook()
2018-11-17 20:23:34,469 INFO org.springframework.web.servlet.handler.AbstractHandlerMethodMapping$MappingRegistry [main] Mapped "{[/rates],methods=[GET]}" onto public com.gmail.stepan1983.model.Rate com.gmail.stepan1983.Controllers.MyRestController.getRates()
2018-11-17 20:23:34,469 INFO org.springframework.web.servlet.handler.AbstractHandlerMethodMapping$MappingRegistry [main] Mapped "{[/tasks],methods=[POST]}" onto public java.util.List<com.gmail.stepan1983.model.Task> com.gmail.stepan1983.Controllers.MyRestController.updateTasks(com.gmail.stepan1983.DTO.TaskDTO)
2018-11-17 20:23:34,470 INFO org.springframework.web.servlet.handler.AbstractHandlerMethodMapping$MappingRegistry [main] Mapped "{[/getTasks]}" onto public java.util.List<com.gmail.stepan1983.model.Task> com.gmail.stepan1983.Controllers.MyRestController.getTasks()
2018-11-17 20:23:34,471 INFO org.springframework.web.servlet.handler.AbstractHandlerMethodMapping$MappingRegistry [main] Mapped "{[/addBooks],methods=[POST]}" onto public org.springframework.http.ResponseEntity com.gmail.stepan1983.Controllers.MyRestController.addBooks(org.springframework.web.multipart.MultipartFile,org.springframework.web.multipart.MultipartFile)
2018-11-17 20:23:34,472 INFO org.springframework.web.servlet.handler.AbstractHandlerMethodMapping$MappingRegistry [main] Mapped "{[/photo/{photoId}]}" onto public org.springframework.http.ResponseEntity<byte[]> com.gmail.stepan1983.Controllers.MyRestController.getPhotoBytes(java.lang.Long)
2018-11-17 20:23:34,473 INFO org.springframework.web.servlet.handler.AbstractHandlerMethodMapping$MappingRegistry [main] Mapped "{[/cover/{coverId}]}" onto public org.springframework.http.ResponseEntity<byte[]> com.gmail.stepan1983.Controllers.MyRestController.getCoverBytes(java.lang.Long)
2018-11-17 20:23:34,474 INFO org.springframework.web.servlet.handler.AbstractHandlerMethodMapping$MappingRegistry [main] Mapped "{[/countOrdersByParam],methods=[GET]}" onto public org.springframework.http.ResponseEntity com.gmail.stepan1983.Controllers.MyRestController.countOrdersByParam(java.lang.String,java.lang.String)
2018-11-17 20:23:34,479 INFO org.springframework.web.servlet.handler.AbstractHandlerMethodMapping$MappingRegistry [main] Mapped "{[/error]}" onto public org.springframework.http.ResponseEntity<java.util.Map<java.lang.String, java.lang.Object>> org.springframework.boot.autoconfigure.web.servlet.error.BasicErrorController.error(javax.servlet.http.HttpServletRequest)
2018-11-17 20:23:34,481 INFO org.springframework.web.servlet.handler.AbstractHandlerMethodMapping$MappingRegistry [main] Mapped "{[/error],produces=[text/html]}" onto public org.springframework.web.servlet.ModelAndView org.springframework.boot.autoconfigure.web.servlet.error.BasicErrorController.errorHtml(javax.servlet.http.HttpServletRequest,javax.servlet.http.HttpServletResponse)
2018-11-17 20:23:34,528 INFO org.springframework.web.servlet.handler.AbstractUrlHandlerMapping [main] Mapped URL path [/webjars/**] onto handler of type [class org.springframework.web.servlet.resource.ResourceHttpRequestHandler]
2018-11-17 20:23:34,529 INFO org.springframework.web.servlet.handler.AbstractUrlHandlerMapping [main] Mapped URL path [/static/**] onto handler of type [class org.springframework.web.servlet.resource.ResourceHttpRequestHandler]
2018-11-17 20:23:34,632 INFO org.springframework.security.web.DefaultSecurityFilterChain [main] Creating filter chain: org.springframework.security.web.util.matcher.AnyRequestMatcher@1, [org.springframework.security.web.context.request.async.WebAsyncManagerIntegrationFilter@f78a47e, org.springframework.security.web.context.SecurityContextPersistenceFilter@53fdffa1, org.springframework.security.web.header.HeaderWriterFilter@3bf9ce3e, org.springframework.web.filter.CorsFilter@644baf4a, org.springframework.security.web.authentication.logout.LogoutFilter@f736069, com.gmail.stepan1983.config.jwt.JwtAuthTokenFilter@1e3ed422, org.springframework.security.web.authentication.www.BasicAuthenticationFilter@f0c8a99, org.springframework.security.web.savedrequest.RequestCacheAwareFilter@32ee6fee, org.springframework.security.web.servletapi.SecurityContextHolderAwareRequestFilter@3232a28a, org.springframework.security.web.authentication.AnonymousAuthenticationFilter@7526515b, org.springframework.security.web.session.SessionManagementFilter@71def8f8, org.springframework.security.web.access.ExceptionTranslationFilter@4efc180e, org.springframework.security.web.access.intercept.FilterSecurityInterceptor@750e2b97]
2018-11-17 20:23:34,918 INFO org.springframework.web.servlet.mvc.method.annotation.RequestMappingHandlerAdapter [main] Looking for @ControllerAdvice: org.springframework.boot.web.servlet.context.AnnotationConfigServletWebServerApplicationContext@51016012: startup date [Sat Nov 17 20:23:27 EET 2018]; root of context hierarchy
2018-11-17 20:23:35,250 INFO org.springframework.jmx.export.MBeanExporter [main] Registering beans for JMX exposure on startup
2018-11-17 20:23:35,529 INFO org.springframework.jmx.export.MBeanExporter [main] Bean with name 'dataSource' has been autodetected for JMX exposure
2018-11-17 20:23:35,538 INFO org.springframework.jmx.export.MBeanExporter [main] Located MBean 'dataSource': registering with JMX server as MBean [com.zaxxer.hikari:name=dataSource,type=HikariDataSource]
2018-11-17 20:23:35,556 INFO org.apache.juli.logging.DirectJDKLog [main] Starting ProtocolHandler ["http-nio-8080"]
2018-11-17 20:23:35,579 INFO org.apache.juli.logging.DirectJDKLog [main] Using a shared selector for servlet write/read
2018-11-17 20:23:35,601 INFO org.springframework.boot.web.embedded.tomcat.TomcatWebServer [main] Tomcat started on port(s): 8080 (http) with context path ''
2018-11-17 20:23:35,605 INFO org.springframework.boot.StartupInfoLogger [main] Started Application in 8.43 seconds (JVM running for 9.257)
