2018-11-18 16:26:39,392 INFO org.springframework.boot.StartupInfoLogger [main] Starting Application v1.2 on ubuntu-s-1vcpu-1gb-fra1-01 with PID 8752 (/root/OnlineBookStore/OnlineBookStore-1.2.jar started by root in /root/OnlineBookStore)
2018-11-18 16:26:39,407 INFO org.springframework.boot.SpringApplication [main] No active profile set, falling back to default profiles: default
2018-11-18 16:26:39,562 INFO org.springframework.context.support.AbstractApplicationContext [main] Refreshing org.springframework.boot.web.servlet.context.AnnotationConfigServletWebServerApplicationContext@51016012: startup date [Sun Nov 18 16:26:39 UTC 2018]; root of context hierarchy
2018-11-18 16:26:42,884 INFO org.springframework.context.support.PostProcessorRegistrationDelegate$BeanPostProcessorChecker [main] Bean 'org.springframework.transaction.annotation.ProxyTransactionManagementConfiguration' of type [org.springframework.transaction.annotation.ProxyTransactionManagementConfiguration$$EnhancerBySpringCGLIB$$e2c33955] is not eligible for getting processed by all BeanPostProcessors (for example: not eligible for auto-proxying)
2018-11-18 16:26:43,985 INFO org.springframework.boot.web.embedded.tomcat.TomcatWebServer [main] Tomcat initialized with port(s): 8080 (http)
2018-11-18 16:26:44,032 INFO org.apache.juli.logging.DirectJDKLog [main] Initializing ProtocolHandler ["http-nio-8080"]
2018-11-18 16:26:44,068 INFO org.apache.juli.logging.DirectJDKLog [main] Starting service [Tomcat]
2018-11-18 16:26:44,069 INFO org.apache.juli.logging.DirectJDKLog [main] Starting Servlet Engine: Apache Tomcat/8.5.32
2018-11-18 16:26:44,100 INFO org.apache.juli.logging.DirectJDKLog [localhost-startStop-1] The APR based Apache Tomcat Native library which allows optimal performance in production environments was not found on the java.library.path: [/usr/java/packages/lib/amd64:/usr/lib/x86_64-linux-gnu/jni:/lib/x86_64-linux-gnu:/usr/lib/x86_64-linux-gnu:/usr/lib/jni:/lib:/usr/lib]
2018-11-18 16:26:44,287 INFO org.apache.juli.logging.DirectJDKLog [localhost-startStop-1] Initializing Spring embedded WebApplicationContext
2018-11-18 16:26:44,289 INFO org.springframework.boot.web.servlet.context.ServletWebServerApplicationContext [localhost-startStop-1] Root WebApplicationContext: initialization completed in 4727 ms
2018-11-18 16:26:44,978 INFO org.springframework.orm.jpa.LocalContainerEntityManagerFactoryBean [localhost-startStop-1] Building JPA container EntityManagerFactory for persistence unit 'default'
2018-11-18 16:26:45,013 INFO org.hibernate.jpa.internal.util.LogHelper [localhost-startStop-1] HHH000204: Processing PersistenceUnitInfo [
	name: default
	...]
2018-11-18 16:26:45,181 INFO org.hibernate.Version [localhost-startStop-1] HHH000412: Hibernate Core {5.2.17.Final}
2018-11-18 16:26:45,190 INFO org.hibernate.cfg.Environment [localhost-startStop-1] HHH000206: hibernate.properties not found
2018-11-18 16:26:45,274 INFO org.hibernate.annotations.common.reflection.java.JavaReflectionManager [localhost-startStop-1] HCANN000001: Hibernate Commons Annotations {5.0.1.Final}
2018-11-18 16:26:45,872 INFO com.zaxxer.hikari.HikariDataSource [localhost-startStop-1] HikariPool-1 - Starting...
2018-11-18 16:26:46,187 INFO com.zaxxer.hikari.HikariDataSource [localhost-startStop-1] HikariPool-1 - Start completed.
2018-11-18 16:26:46,207 INFO org.hibernate.dialect.Dialect [localhost-startStop-1] HHH000400: Using dialect: org.hibernate.dialect.MySQL5Dialect
2018-11-18 16:26:47,681 INFO org.springframework.orm.jpa.AbstractEntityManagerFactoryBean [localhost-startStop-1] Initialized JPA EntityManagerFactory for persistence unit 'default'
2018-11-18 16:26:48,339 INFO org.hibernate.hql.internal.QueryTranslatorFactoryInitiator [localhost-startStop-1] HHH000397: Using ASTQueryTranslatorFactory
2018-11-18 16:26:48,886 INFO org.springframework.boot.web.servlet.AbstractFilterRegistrationBean [localhost-startStop-1] Mapping filter: 'characterEncodingFilter' to: [/*]
2018-11-18 16:26:48,888 INFO org.springframework.boot.web.servlet.AbstractFilterRegistrationBean [localhost-startStop-1] Mapping filter: 'hiddenHttpMethodFilter' to: [/*]
2018-11-18 16:26:48,897 INFO org.springframework.boot.web.servlet.AbstractFilterRegistrationBean [localhost-startStop-1] Mapping filter: 'httpPutFormContentFilter' to: [/*]
2018-11-18 16:26:48,898 INFO org.springframework.boot.web.servlet.AbstractFilterRegistrationBean [localhost-startStop-1] Mapping filter: 'requestContextFilter' to: [/*]
2018-11-18 16:26:48,898 INFO org.springframework.boot.web.servlet.AbstractFilterRegistrationBean [localhost-startStop-1] Mapping filter: 'springSecurityFilterChain' to: [/*]
2018-11-18 16:26:48,898 INFO org.springframework.boot.web.servlet.AbstractFilterRegistrationBean [localhost-startStop-1] Mapping filter: 'authenticationJwtTokenFilter' to: [/*]
2018-11-18 16:26:48,899 INFO org.springframework.boot.web.servlet.ServletRegistrationBean [localhost-startStop-1] Servlet dispatcherServlet mapped to [/]
2018-11-18 16:26:49,944 INFO org.springframework.web.servlet.handler.AbstractUrlHandlerMapping [main] Mapped URL path [/**/favicon.ico] onto handler of type [class org.springframework.web.servlet.resource.ResourceHttpRequestHandler]
2018-11-18 16:26:49,978 WARN org.springframework.boot.autoconfigure.orm.jpa.JpaBaseConfiguration$JpaWebConfiguration$JpaWebMvcConfiguration [main] spring.jpa.open-in-view is enabled by default. Therefore, database queries may be performed during view rendering. Explicitly configure spring.jpa.open-in-view to disable this warning
2018-11-18 16:26:50,102 INFO org.springframework.web.servlet.handler.AbstractHandlerMethodMapping$MappingRegistry [main] Mapped "{[/adminPage]}" onto public java.lang.String com.gmail.stepan1983.Controllers.ControllerMain.adminPage()
2018-11-18 16:26:50,103 INFO org.springframework.web.servlet.handler.AbstractHandlerMethodMapping$MappingRegistry [main] Mapped "{[/]}" onto public java.lang.String com.gmail.stepan1983.Controllers.ControllerMain.index()
2018-11-18 16:26:50,123 INFO org.springframework.web.servlet.handler.AbstractHandlerMethodMapping$MappingRegistry [main] Mapped "{[/usersCount]}" onto public java.lang.Long com.gmail.stepan1983.Controllers.MyRestController.getTotalUsersCount()
2018-11-18 16:26:50,132 INFO org.springframework.web.servlet.handler.AbstractHandlerMethodMapping$MappingRegistry [main] Mapped "{[/signin],methods=[POST]}" onto public org.springframework.http.ResponseEntity<?> com.gmail.stepan1983.Controllers.MyRestController.authenticateUser(com.gmail.stepan1983.DTO.LoginForm)
2018-11-18 16:26:50,133 INFO org.springframework.web.servlet.handler.AbstractHandlerMethodMapping$MappingRegistry [main] Mapped "{[/deleteUser]}" onto public org.springframework.http.ResponseEntity com.gmail.stepan1983.Controllers.MyRestController.deleteUser(java.lang.Long)
2018-11-18 16:26:50,134 INFO org.springframework.web.servlet.handler.AbstractHandlerMethodMapping$MappingRegistry [main] Mapped "{[/orders]}" onto public org.springframework.http.ResponseEntity com.gmail.stepan1983.Controllers.MyRestController.getUserOrders(java.lang.Long,java.lang.Long,java.lang.Integer,java.lang.String,java.lang.Boolean,java.lang.Boolean)
2018-11-18 16:26:50,134 INFO org.springframework.web.servlet.handler.AbstractHandlerMethodMapping$MappingRegistry [main] Mapped "{[/saveOrder],methods=[POST]}" onto public org.springframework.http.ResponseEntity com.gmail.stepan1983.Controllers.MyRestController.saveOrder(com.gmail.stepan1983.DTO.OrderDTO)
2018-11-18 16:26:50,143 INFO org.springframework.web.servlet.handler.AbstractHandlerMethodMapping$MappingRegistry [main] Mapped "{[/deleteOrder],methods=[POST]}" onto public org.springframework.http.ResponseEntity com.gmail.stepan1983.Controllers.MyRestController.deleteOrder(com.gmail.stepan1983.DTO.OrderDTO)
2018-11-18 16:26:50,144 INFO org.springframework.web.servlet.handler.AbstractHandlerMethodMapping$MappingRegistry [main] Mapped "{[/createNewOrder]}" onto public org.springframework.http.ResponseEntity com.gmail.stepan1983.Controllers.MyRestController.createNewOrder()
2018-11-18 16:26:50,144 INFO org.springframework.web.servlet.handler.AbstractHandlerMethodMapping$MappingRegistry [main] Mapped "{[/submitOrder],methods=[POST]}" onto public org.springframework.http.ResponseEntity com.gmail.stepan1983.Controllers.MyRestController.submitOrder(com.gmail.stepan1983.DTO.OrderDTO)
2018-11-18 16:26:50,145 INFO org.springframework.web.servlet.handler.AbstractHandlerMethodMapping$MappingRegistry [main] Mapped "{[/bookItems]}" onto public java.util.List<com.gmail.stepan1983.DTO.BookItemDTO> com.gmail.stepan1983.Controllers.MyRestController.getBookItems(java.lang.Long,java.lang.Long,java.lang.Integer,java.lang.String,java.lang.Boolean,java.lang.String)
2018-11-18 16:26:50,147 INFO org.springframework.web.servlet.handler.AbstractHandlerMethodMapping$MappingRegistry [main] Mapped "{[/bookItemsByParam]}" onto public com.gmail.stepan1983.DTO.BookItemsWithParamList com.gmail.stepan1983.Controllers.MyRestController.getBookItemsByParam(java.lang.String[],java.lang.String[],java.lang.String[],java.lang.String[],java.lang.String,java.lang.Integer,java.lang.Integer,java.lang.String,java.lang.Boolean)
2018-11-18 16:26:50,147 INFO org.springframework.web.servlet.handler.AbstractHandlerMethodMapping$MappingRegistry [main] Mapped "{[/bookCount]}" onto public java.lang.Long com.gmail.stepan1983.Controllers.MyRestController.getTotalBookCount()
2018-11-18 16:26:50,148 INFO org.springframework.web.servlet.handler.AbstractHandlerMethodMapping$MappingRegistry [main] Mapped "{[/saveBookItem],methods=[POST]}" onto public org.springframework.http.ResponseEntity com.gmail.stepan1983.Controllers.MyRestController.saveBookItem(com.gmail.stepan1983.DTO.BookItemDTO)
2018-11-18 16:26:50,149 INFO org.springframework.web.servlet.handler.AbstractHandlerMethodMapping$MappingRegistry [main] Mapped "{[/deleteBookItem],methods=[POST]}" onto public org.springframework.http.ResponseEntity com.gmail.stepan1983.Controllers.MyRestController.deleteBookItem(com.gmail.stepan1983.DTO.BookItemDTO)
2018-11-18 16:26:50,150 INFO org.springframework.web.servlet.handler.AbstractHandlerMethodMapping$MappingRegistry [main] Mapped "{[/createNewBookItem],methods=[POST]}" onto public org.springframework.http.ResponseEntity com.gmail.stepan1983.Controllers.MyRestController.createNewBookItem(org.springframework.web.multipart.MultipartFile,java.lang.String,java.lang.String,java.lang.String,java.lang.String,java.lang.String,java.lang.Double,java.lang.String,java.lang.Boolean,java.lang.Long)
2018-11-18 16:26:50,151 INFO org.springframework.web.servlet.handler.AbstractHandlerMethodMapping$MappingRegistry [main] Mapped "{[/createNewPublisher],methods=[POST]}" onto public org.springframework.http.ResponseEntity com.gmail.stepan1983.Controllers.MyRestController.createNewPublisher(java.lang.String,java.lang.String,java.lang.String)
2018-11-18 16:26:50,152 INFO org.springframework.web.servlet.handler.AbstractHandlerMethodMapping$MappingRegistry [main] Mapped "{[/createNewCategory],methods=[POST]}" onto public org.springframework.http.ResponseEntity com.gmail.stepan1983.Controllers.MyRestController.createNewCategoryItem(java.lang.String,java.lang.String)
2018-11-18 16:26:50,154 INFO org.springframework.web.servlet.handler.AbstractHandlerMethodMapping$MappingRegistry [main] Mapped "{[/storageBook]}" onto public com.gmail.stepan1983.DTO.StorageBookDTO com.gmail.stepan1983.Controllers.MyRestController.getStorageBook()
2018-11-18 16:26:50,158 INFO org.springframework.web.servlet.handler.AbstractHandlerMethodMapping$MappingRegistry [main] Mapped "{[/rates],methods=[GET]}" onto public com.gmail.stepan1983.model.Rate com.gmail.stepan1983.Controllers.MyRestController.getRates()
2018-11-18 16:26:50,159 INFO org.springframework.web.servlet.handler.AbstractHandlerMethodMapping$MappingRegistry [main] Mapped "{[/tasks],methods=[POST]}" onto public java.util.List<com.gmail.stepan1983.model.Task> com.gmail.stepan1983.Controllers.MyRestController.updateTasks(com.gmail.stepan1983.DTO.TaskDTO)
2018-11-18 16:26:50,160 INFO org.springframework.web.servlet.handler.AbstractHandlerMethodMapping$MappingRegistry [main] Mapped "{[/getTasks]}" onto public java.util.List<com.gmail.stepan1983.model.Task> com.gmail.stepan1983.Controllers.MyRestController.getTasks()
2018-11-18 16:26:50,161 INFO org.springframework.web.servlet.handler.AbstractHandlerMethodMapping$MappingRegistry [main] Mapped "{[/getBookParameters]}" onto public java.util.List<java.util.List<java.lang.String>> com.gmail.stepan1983.Controllers.MyRestController.getBookParameters()
2018-11-18 16:26:50,161 INFO org.springframework.web.servlet.handler.AbstractHandlerMethodMapping$MappingRegistry [main] Mapped "{[/addBooks],methods=[POST]}" onto public org.springframework.http.ResponseEntity com.gmail.stepan1983.Controllers.MyRestController.addBooks(org.springframework.web.multipart.MultipartFile,org.springframework.web.multipart.MultipartFile)
2018-11-18 16:26:50,162 INFO org.springframework.web.servlet.handler.AbstractHandlerMethodMapping$MappingRegistry [main] Mapped "{[/photo/{photoId}]}" onto public org.springframework.http.ResponseEntity<byte[]> com.gmail.stepan1983.Controllers.MyRestController.getPhotoBytes(java.lang.Long)
2018-11-18 16:26:50,162 INFO org.springframework.web.servlet.handler.AbstractHandlerMethodMapping$MappingRegistry [main] Mapped "{[/cover/{coverId}]}" onto public org.springframework.http.ResponseEntity<byte[]> com.gmail.stepan1983.Controllers.MyRestController.getCoverBytes(java.lang.Long)
2018-11-18 16:26:50,163 INFO org.springframework.web.servlet.handler.AbstractHandlerMethodMapping$MappingRegistry [main] Mapped "{[/getUsers]}" onto public java.util.List<com.gmail.stepan1983.DTO.ClientDTO> com.gmail.stepan1983.Controllers.MyRestController.getUsers()
2018-11-18 16:26:50,170 INFO org.springframework.web.servlet.handler.AbstractHandlerMethodMapping$MappingRegistry [main] Mapped "{[/orderCount]}" onto public java.lang.Long com.gmail.stepan1983.Controllers.MyRestController.getTotalOrderCount()
2018-11-18 16:26:50,172 INFO org.springframework.web.servlet.handler.AbstractHandlerMethodMapping$MappingRegistry [main] Mapped "{[/createNewUser],methods=[POST]}" onto public org.springframework.http.ResponseEntity com.gmail.stepan1983.Controllers.MyRestController.createNewUser(org.springframework.web.multipart.MultipartFile,java.lang.String,java.lang.String,java.lang.String,java.lang.String,java.lang.String,java.lang.String,java.lang.String,java.lang.String,java.lang.Boolean,java.lang.Long)
2018-11-18 16:26:50,172 INFO org.springframework.web.servlet.handler.AbstractHandlerMethodMapping$MappingRegistry [main] Mapped "{[/countOrdersByParam],methods=[GET]}" onto public org.springframework.http.ResponseEntity com.gmail.stepan1983.Controllers.MyRestController.countOrdersByParam(java.lang.String,java.lang.String)
2018-11-18 16:26:50,173 INFO org.springframework.web.servlet.handler.AbstractHandlerMethodMapping$MappingRegistry [main] Mapped "{[/signinAdmin],methods=[POST]}" onto public org.springframework.http.ResponseEntity<?> com.gmail.stepan1983.Controllers.MyRestController.authenticateAdmin(com.gmail.stepan1983.DTO.LoginForm)
2018-11-18 16:26:50,174 INFO org.springframework.web.servlet.handler.AbstractHandlerMethodMapping$MappingRegistry [main] Mapped "{[/userPage]}" onto public java.util.List<com.gmail.stepan1983.DTO.ClientDTO> com.gmail.stepan1983.Controllers.MyRestController.userPage(java.lang.Integer,java.lang.Integer,java.lang.Long,java.lang.Long,java.lang.String,java.lang.Boolean)
2018-11-18 16:26:50,175 INFO org.springframework.web.servlet.handler.AbstractHandlerMethodMapping$MappingRegistry [main] Mapped "{[/userInfo]}" onto public org.springframework.http.ResponseEntity com.gmail.stepan1983.Controllers.MyRestController.userInfo(java.lang.String,java.lang.String)
2018-11-18 16:26:50,175 INFO org.springframework.web.servlet.handler.AbstractHandlerMethodMapping$MappingRegistry [main] Mapped "{[/error]}" onto public java.lang.String com.gmail.stepan1983.Controllers.ErrorHandler.handleError()
2018-11-18 16:26:50,237 INFO org.springframework.web.servlet.handler.AbstractUrlHandlerMapping [main] Mapped URL path [/webjars/**] onto handler of type [class org.springframework.web.servlet.resource.ResourceHttpRequestHandler]
2018-11-18 16:26:50,242 INFO org.springframework.web.servlet.handler.AbstractUrlHandlerMapping [main] Mapped URL path [/static/**] onto handler of type [class org.springframework.web.servlet.resource.ResourceHttpRequestHandler]
2018-11-18 16:26:50,333 INFO org.springframework.security.web.DefaultSecurityFilterChain [main] Creating filter chain: org.springframework.security.web.util.matcher.AnyRequestMatcher@1, [org.springframework.security.web.context.request.async.WebAsyncManagerIntegrationFilter@5b1669c0, org.springframework.security.web.context.SecurityContextPersistenceFilter@f736069, org.springframework.security.web.header.HeaderWriterFilter@7133da86, org.springframework.web.filter.CorsFilter@78e4deb0, org.springframework.security.web.authentication.logout.LogoutFilter@35aea049, com.gmail.stepan1983.config.jwt.JwtAuthTokenFilter@69014887, org.springframework.security.web.authentication.www.BasicAuthenticationFilter@53fe15ff, org.springframework.security.web.savedrequest.RequestCacheAwareFilter@7fee8714, org.springframework.security.web.servletapi.SecurityContextHolderAwareRequestFilter@2b91004a, org.springframework.security.web.authentication.AnonymousAuthenticationFilter@6e9175d8, org.springframework.security.web.session.SessionManagementFilter@73e22a3d, org.springframework.security.web.access.ExceptionTranslationFilter@53fdffa1, org.springframework.security.web.access.intercept.FilterSecurityInterceptor@6d4d66d2]
2018-11-18 16:26:50,762 INFO org.springframework.web.servlet.mvc.method.annotation.RequestMappingHandlerAdapter [main] Looking for @ControllerAdvice: org.springframework.boot.web.servlet.context.AnnotationConfigServletWebServerApplicationContext@51016012: startup date [Sun Nov 18 16:26:39 UTC 2018]; root of context hierarchy
2018-11-18 16:26:51,345 INFO org.springframework.jmx.export.MBeanExporter [main] Registering beans for JMX exposure on startup
2018-11-18 16:26:51,351 INFO org.springframework.jmx.export.MBeanExporter [main] Bean with name 'dataSource' has been autodetected for JMX exposure
2018-11-18 16:26:51,364 INFO org.springframework.jmx.export.MBeanExporter [main] Located MBean 'dataSource': registering with JMX server as MBean [com.zaxxer.hikari:name=dataSource,type=HikariDataSource]
2018-11-18 16:26:51,384 INFO org.apache.juli.logging.DirectJDKLog [main] Starting ProtocolHandler ["http-nio-8080"]
2018-11-18 16:26:51,401 INFO org.apache.juli.logging.DirectJDKLog [main] Using a shared selector for servlet write/read
2018-11-18 16:26:51,457 INFO org.springframework.boot.web.embedded.tomcat.TomcatWebServer [main] Tomcat started on port(s): 8080 (http) with context path ''
2018-11-18 16:26:51,465 INFO org.springframework.boot.StartupInfoLogger [main] Started Application in 13.391 seconds (JVM running for 14.35)
2018-11-18 16:27:15,308 INFO org.apache.juli.logging.DirectJDKLog [http-nio-8080-exec-1] Initializing Spring FrameworkServlet 'dispatcherServlet'
2018-11-18 16:27:15,314 INFO org.springframework.web.servlet.FrameworkServlet [http-nio-8080-exec-1] FrameworkServlet 'dispatcherServlet': initialization started
2018-11-18 16:27:15,345 INFO org.springframework.web.servlet.FrameworkServlet [http-nio-8080-exec-1] FrameworkServlet 'dispatcherServlet': initialization completed in 31 ms
2018-11-18 16:27:48,541 WARN org.springframework.web.servlet.DispatcherServlet [http-nio-8080-exec-10] No mapping found for HTTP request with URI [/cover/] in DispatcherServlet with name 'dispatcherServlet'
2018-11-18 16:28:08,844 WARN org.springframework.web.servlet.DispatcherServlet [http-nio-8080-exec-5] No mapping found for HTTP request with URI [/cover/] in DispatcherServlet with name 'dispatcherServlet'
