
The following files have been resolved:
   org.springframework:spring-aop:jar:5.0.8.RELEASE:compile
   org.eclipse.jdt:ecj:jar:3.12.3:compile
   org.apache.tomcat.embed:tomcat-embed-websocket:jar:8.5.32:compile
   org.apache.xmlbeans:xmlbeans:jar:3.0.1:compile
   org.apache.tomcat:tomcat-jasper-el:jar:9.0.13:compile
   org.hibernate.common:hibernate-commons-annotations:jar:5.0.1.Final:compile
   org.apache.tomcat.embed:tomcat-embed-el:jar:8.5.32:compile
   org.springframework.boot:spring-boot:jar:2.0.4.RELEASE:compile
   javax.validation:validation-api:jar:2.0.1.Final:compile
   mysql:mysql-connector-java:jar:5.1.46:runtime
   com.beust:jcommander:jar:1.72:compile
   org.apache.tomcat:tomcat-api:jar:9.0.13:compile
   org.springframework:spring-expression:jar:5.0.8.RELEASE:compile
   org.springframework:spring-web:jar:5.0.8.RELEASE:compile
   antlr:antlr:jar:2.7.7:compile
   javax.servlet:jstl:jar:1.2:compile
   commons-io:commons-io:jar:2.6:compile
   org.springframework:spring-jcl:jar:5.0.8.RELEASE:compile
   org.apache.tomcat.embed:tomcat-embed-jasper:jar:8.5.32:compile
   org.springframework:spring-beans:jar:5.0.8.RELEASE:compile
   org.springframework:spring-orm:jar:5.0.8.RELEASE:compile
   org.apache.tomcat:tomcat-servlet-api:jar:9.0.13:compile
   com.fasterxml:classmate:jar:1.3.4:compile
   com.github.virtuald:curvesapi:jar:1.04:compile
   org.hibernate:hibernate-core:jar:5.2.17.Final:compile
   com.sun.mail:javax.mail:jar:1.6.1:compile
   ch.qos.logback:logback-classic:jar:1.2.3:compile
   org.apache.logging.log4j:log4j-api:jar:2.10.0:compile
   javax.annotation:javax.annotation-api:jar:1.3.2:compile
   org.springframework:spring-context:jar:5.0.8.RELEASE:compile
   com.fasterxml.jackson.datatype:jackson-datatype-jsr310:jar:2.9.6:compile
   org.springframework:spring-aspects:jar:5.0.8.RELEASE:compile
   org.springframework:spring-core:jar:5.0.8.RELEASE:compile
   org.apache.tomcat.embed:tomcat-embed-logging-juli:jar:9.0.0.M6:compile
   org.springframework.security:spring-security-config:jar:5.0.7.RELEASE:compile
   org.springframework:spring-jdbc:jar:5.0.8.RELEASE:compile
   org.jboss.logging:jboss-logging:jar:3.3.2.Final:compile
   com.fasterxml.jackson.core:jackson-annotations:jar:2.9.0:compile
   org.apache.tomcat:tomcat-juli:jar:9.0.13:compile
   org.springframework.boot:spring-boot-autoconfigure:jar:2.0.4.RELEASE:compile
   org.springframework.boot:spring-boot-starter-web:jar:2.0.1.RELEASE:compile
   org.hibernate.validator:hibernate-validator:jar:6.0.11.Final:compile
   com.zaxxer:HikariCP:jar:2.7.9:compile
   org.apache.tomcat:tomcat-jasper:jar:9.0.13:compile
   commons-codec:commons-codec:jar:1.11:compile
   dom4j:dom4j:jar:1.6.1:compile
   org.springframework:spring-context-support:jar:5.0.8.RELEASE:compile
   org.apache.commons:commons-collections4:jar:4.2:compile
   org.apache.poi:poi-ooxml:jar:4.0.0:compile
   org.springframework.boot:spring-boot-starter-logging:jar:2.0.4.RELEASE:compile
   org.springframework.data:spring-data-commons:jar:2.0.9.RELEASE:compile
   org.springframework.boot:spring-boot-starter-mail:jar:2.0.4.RELEASE:compile
   org.apache.tomcat:tomcat-el-api:jar:9.0.13:compile
   org.apache.tomcat:tomcat-util-scan:jar:9.0.13:compile
   org.springframework.security:spring-security-core:jar:5.0.7.RELEASE:compile
   org.springframework.boot:spring-boot-starter-aop:jar:2.0.4.RELEASE:compile
   org.springframework.boot:spring-boot-starter-jdbc:jar:2.0.4.RELEASE:compile
   org.javassist:javassist:jar:3.22.0-GA:compile
   io.jsonwebtoken:jjwt:jar:0.9.0:compile
   org.jboss:jandex:jar:2.0.3.Final:compile
   org.springframework.boot:spring-boot-starter-data-jpa:jar:2.0.4.RELEASE:compile
   org.apache.commons:commons-compress:jar:1.18:compile
   org.apache.tomcat.embed:tomcat-embed-core:jar:8.5.32:compile
   org.apache.tomcat:tomcat-util:jar:9.0.13:compile
   org.yaml:snakeyaml:jar:1.19:runtime
   org.aspectj:aspectjweaver:jar:1.8.13:compile
   javax.activation:activation:jar:1.1:compile
   ch.qos.logback:logback-core:jar:1.2.3:compile
   org.springframework.boot:spring-boot-starter-security:jar:2.0.4.RELEASE:compile
   com.fasterxml.jackson.core:jackson-databind:jar:2.9.6:compile
   org.apache.tomcat:tomcat-annotations-api:jar:8.5.32:compile
   org.springframework:spring-tx:jar:5.0.8.RELEASE:compile
   com.fasterxml.jackson.datatype:jackson-datatype-jdk8:jar:2.9.6:compile
   org.apache.tomcat:tomcat-jsp-api:jar:8.5.32:compile
   org.springframework.boot:spring-boot-starter:jar:2.0.4.RELEASE:compile
   org.springframework.data:spring-data-jpa:jar:2.0.9.RELEASE:compile
   org.springframework.boot:spring-boot-starter-tomcat:jar:2.0.4.RELEASE:compile
   org.apache.poi:poi-ooxml-schemas:jar:4.0.0:compile
   org.springframework.security:spring-security-web:jar:5.0.7.RELEASE:compile
   com.fasterxml.jackson.core:jackson-core:jar:2.9.6:compile
   com.github.jsimone:webapp-runner:jar:9.0.13.0:compile
   org.springframework.boot:spring-boot-devtools:jar:2.0.4.RELEASE:runtime
   org.apache.poi:poi:jar:4.0.0:compile
   org.slf4j:slf4j-api:jar:1.7.25:compile
   javax.transaction:javax.transaction-api:jar:1.2:compile
   org.hibernate.javax.persistence:hibernate-jpa-2.1-api:jar:1.0.2.Final:compile
   com.fasterxml.jackson.module:jackson-module-parameter-names:jar:2.9.6:compile
   org.springframework.boot:spring-boot-starter-json:jar:2.0.4.RELEASE:compile
   org.springframework:spring-webmvc:jar:5.0.8.RELEASE:compile
   org.apache.logging.log4j:log4j-to-slf4j:jar:2.10.0:compile
   org.slf4j:jul-to-slf4j:jar:1.7.25:compile

